ISim log file
Running: C:\Users\frakt_000\Dropbox\ProcDev\NewCoreTB_isim_beh.exe -intstyle ise -gui -tclbatch isim.cmd -wdb C:/Users/frakt_000/Dropbox/ProcDev/NewCoreTB_isim_beh.wdb 
ISim P.20131013 (signature 0x7708f090)
WARNING: A WEBPACK license was found.
WARNING: Please use Xilinx License Configuration Manager to check out a full ISim license.
WARNING: ISim will run in Lite mode. Please refer to the ISim documentation for more information on the differences between the Lite and the Full version.
This is a Lite version of ISim.
Time resolution is 1 ps
# onerror resume
# wave add /
# run 1000 ns
Simulator is doing circuit initialization process.
Finished circuit initialization process.
at 420 ns(3), Instance /newcoretb/uut/FRONT_PART_TEST/ : Warning: [new] Instruction not found!
at 930 ns(3), Instance /newcoretb/uut/FRONT_PART_TEST/ : Warning: [new] Instruction not found!
ISim P.20131013 (signature 0x7708f090)
WARNING: A WEBPACK license was found.
WARNING: Please use Xilinx License Configuration Manager to check out a full ISim license.
WARNING: ISim will run in Lite mode. Please refer to the ISim documentation for more information on the differences between the Lite and the Full version.
This is a Lite version of ISim.
# run 1000 ns
Simulator is doing circuit initialization process.
Finished circuit initialization process.
at 420 ns(3), Instance /newcoretb/uut/FRONT_PART_TEST/ : Warning: [new] Instruction not found!
at 920 ns(3), Instance /newcoretb/uut/FRONT_PART_TEST/ : Warning: [new] Instruction not found!
# run 1.00us
at 1420 ns(3), Instance /newcoretb/uut/FRONT_PART_TEST/ : Warning: [new] Instruction not found!
at 1920 ns(3), Instance /newcoretb/uut/FRONT_PART_TEST/ : Warning: [new] Instruction not found!
# run 1.00us
at 2420 ns(3), Instance /newcoretb/uut/FRONT_PART_TEST/ : Warning: [new] Instruction not found!
at 2920 ns(3), Instance /newcoretb/uut/FRONT_PART_TEST/ : Warning: [new] Instruction not found!
# run 1.00us
# run 1.00us
# run 1.00us
